[15-Feb-2017 16:57:59 Europe/Berlin] PHP Warning:  The use statement with non-compound name 'Benchmark' has no effect in /home/ronny/projects/playground/ByValueVsByReference/index.php on line 8
[15-Feb-2017 16:58:58 Europe/Berlin] PHP Warning:  mt_rand(): max(-1) is smaller than min(0) in /home/ronny/projects/playground/ByValueVsByReference/Benchmark.php on line 67
[15-Feb-2017 16:58:58 Europe/Berlin] PHP Stack trace:
[15-Feb-2017 16:58:58 Europe/Berlin] PHP   1. {main}() /home/ronny/projects/playground/ByValueVsByReference/index.php:0
[15-Feb-2017 16:58:58 Europe/Berlin] PHP   2. Benchmark->runByReferenceTests() /home/ronny/projects/playground/ByValueVsByReference/index.php:12
[15-Feb-2017 16:58:58 Europe/Berlin] PHP   3. Benchmark->createValueByReference() /home/ronny/projects/playground/ByValueVsByReference/Benchmark.php:45
[15-Feb-2017 16:58:58 Europe/Berlin] PHP   4. mt_rand() /home/ronny/projects/playground/ByValueVsByReference/Benchmark.php:67
[15-Feb-2017 16:58:58 Europe/Berlin] PHP Warning:  mt_rand(): max(-1) is smaller than min(0) in /home/ronny/projects/playground/ByValueVsByReference/Benchmark.php on line 58
[15-Feb-2017 16:58:58 Europe/Berlin] PHP Stack trace:
[15-Feb-2017 16:58:58 Europe/Berlin] PHP   1. {main}() /home/ronny/projects/playground/ByValueVsByReference/index.php:0
[15-Feb-2017 16:58:58 Europe/Berlin] PHP   2. Benchmark->runByValueTests() /home/ronny/projects/playground/ByValueVsByReference/index.php:13
[15-Feb-2017 16:58:58 Europe/Berlin] PHP   3. Benchmark->createValueByValue() /home/ronny/projects/playground/ByValueVsByReference/Benchmark.php:29
[15-Feb-2017 16:58:58 Europe/Berlin] PHP   4. mt_rand() /home/ronny/projects/playground/ByValueVsByReference/Benchmark.php:58
[15-Feb-2017 17:00:19 Europe/Berlin] PHP Fatal error:  Allowed memory size of 268435456 bytes exhausted (tried to allocate 135168 bytes) in /home/ronny/projects/playground/ByValueVsByReference/Benchmark.php on line 60
[15-Feb-2017 17:00:19 Europe/Berlin] PHP Stack trace:
[15-Feb-2017 17:00:19 Europe/Berlin] PHP   1. {main}() /home/ronny/projects/playground/ByValueVsByReference/index.php:0
[15-Feb-2017 17:00:19 Europe/Berlin] PHP   2. Benchmark->runByValueTests() /home/ronny/projects/playground/ByValueVsByReference/index.php:14
[15-Feb-2017 17:00:19 Europe/Berlin] PHP   3. Benchmark->createValueByValue() /home/ronny/projects/playground/ByValueVsByReference/Benchmark.php:30
[15-Feb-2017 17:00:21 Europe/Berlin] PHP Fatal error:  Allowed memory size of 268435456 bytes exhausted (tried to allocate 266240 bytes) in /home/ronny/projects/playground/ByValueVsByReference/Benchmark.php on line 60
[15-Feb-2017 17:00:21 Europe/Berlin] PHP Stack trace:
[15-Feb-2017 17:00:21 Europe/Berlin] PHP   1. {main}() /home/ronny/projects/playground/ByValueVsByReference/index.php:0
[15-Feb-2017 17:00:21 Europe/Berlin] PHP   2. Benchmark->runByValueTests() /home/ronny/projects/playground/ByValueVsByReference/index.php:14
[15-Feb-2017 17:00:21 Europe/Berlin] PHP   3. Benchmark->createValueByValue() /home/ronny/projects/playground/ByValueVsByReference/Benchmark.php:30
[15-Feb-2017 17:00:22 Europe/Berlin] PHP Fatal error:  Allowed memory size of 268435456 bytes exhausted (tried to allocate 266240 bytes) in /home/ronny/projects/playground/ByValueVsByReference/Benchmark.php on line 60
[15-Feb-2017 17:00:22 Europe/Berlin] PHP Stack trace:
[15-Feb-2017 17:00:22 Europe/Berlin] PHP   1. {main}() /home/ronny/projects/playground/ByValueVsByReference/index.php:0
[15-Feb-2017 17:00:22 Europe/Berlin] PHP   2. Benchmark->runByValueTests() /home/ronny/projects/playground/ByValueVsByReference/index.php:14
[15-Feb-2017 17:00:22 Europe/Berlin] PHP   3. Benchmark->createValueByValue() /home/ronny/projects/playground/ByValueVsByReference/Benchmark.php:30
[15-Feb-2017 17:00:23 Europe/Berlin] PHP Fatal error:  Allowed memory size of 268435456 bytes exhausted (tried to allocate 266240 bytes) in /home/ronny/projects/playground/ByValueVsByReference/Benchmark.php on line 60
[15-Feb-2017 17:00:23 Europe/Berlin] PHP Stack trace:
[15-Feb-2017 17:00:23 Europe/Berlin] PHP   1. {main}() /home/ronny/projects/playground/ByValueVsByReference/index.php:0
[15-Feb-2017 17:00:23 Europe/Berlin] PHP   2. Benchmark->runByValueTests() /home/ronny/projects/playground/ByValueVsByReference/index.php:14
[15-Feb-2017 17:00:23 Europe/Berlin] PHP   3. Benchmark->createValueByValue() /home/ronny/projects/playground/ByValueVsByReference/Benchmark.php:30
[15-Feb-2017 17:00:23 Europe/Berlin] PHP Fatal error:  Allowed memory size of 268435456 bytes exhausted (tried to allocate 266240 bytes) in /home/ronny/projects/playground/ByValueVsByReference/Benchmark.php on line 60
[15-Feb-2017 17:00:23 Europe/Berlin] PHP Stack trace:
[15-Feb-2017 17:00:23 Europe/Berlin] PHP   1. {main}() /home/ronny/projects/playground/ByValueVsByReference/index.php:0
[15-Feb-2017 17:00:23 Europe/Berlin] PHP   2. Benchmark->runByValueTests() /home/ronny/projects/playground/ByValueVsByReference/index.php:14
[15-Feb-2017 17:00:23 Europe/Berlin] PHP   3. Benchmark->createValueByValue() /home/ronny/projects/playground/ByValueVsByReference/Benchmark.php:30
[15-Feb-2017 17:00:24 Europe/Berlin] PHP Fatal error:  Allowed memory size of 268435456 bytes exhausted (tried to allocate 266240 bytes) in /home/ronny/projects/playground/ByValueVsByReference/Benchmark.php on line 60
[15-Feb-2017 17:00:24 Europe/Berlin] PHP Stack trace:
[15-Feb-2017 17:00:24 Europe/Berlin] PHP   1. {main}() /home/ronny/projects/playground/ByValueVsByReference/index.php:0
[15-Feb-2017 17:00:24 Europe/Berlin] PHP   2. Benchmark->runByValueTests() /home/ronny/projects/playground/ByValueVsByReference/index.php:14
[15-Feb-2017 17:00:24 Europe/Berlin] PHP   3. Benchmark->createValueByValue() /home/ronny/projects/playground/ByValueVsByReference/Benchmark.php:30
[15-Feb-2017 17:01:25 Europe/Berlin] PHP Fatal error:  Allowed memory size of 268435456 bytes exhausted (tried to allocate 135168 bytes) in /home/ronny/projects/playground/ByValueVsByReference/Benchmark.php on line 60
[15-Feb-2017 17:01:25 Europe/Berlin] PHP Stack trace:
[15-Feb-2017 17:01:25 Europe/Berlin] PHP   1. {main}() /home/ronny/projects/playground/ByValueVsByReference/index.php:0
[15-Feb-2017 17:01:25 Europe/Berlin] PHP   2. Benchmark->runByValueTests() /home/ronny/projects/playground/ByValueVsByReference/index.php:14
[15-Feb-2017 17:01:25 Europe/Berlin] PHP   3. Benchmark->createValueByValue() /home/ronny/projects/playground/ByValueVsByReference/Benchmark.php:30
[15-Feb-2017 17:01:26 Europe/Berlin] PHP Fatal error:  Allowed memory size of 268435456 bytes exhausted (tried to allocate 266240 bytes) in /home/ronny/projects/playground/ByValueVsByReference/Benchmark.php on line 60
[15-Feb-2017 17:01:26 Europe/Berlin] PHP Stack trace:
[15-Feb-2017 17:01:26 Europe/Berlin] PHP   1. {main}() /home/ronny/projects/playground/ByValueVsByReference/index.php:0
[15-Feb-2017 17:01:26 Europe/Berlin] PHP   2. Benchmark->runByValueTests() /home/ronny/projects/playground/ByValueVsByReference/index.php:14
[15-Feb-2017 17:01:26 Europe/Berlin] PHP   3. Benchmark->createValueByValue() /home/ronny/projects/playground/ByValueVsByReference/Benchmark.php:30
[15-Feb-2017 17:01:26 Europe/Berlin] PHP Fatal error:  Allowed memory size of 268435456 bytes exhausted (tried to allocate 266240 bytes) in /home/ronny/projects/playground/ByValueVsByReference/Benchmark.php on line 60
[15-Feb-2017 17:01:26 Europe/Berlin] PHP Stack trace:
[15-Feb-2017 17:01:26 Europe/Berlin] PHP   1. {main}() /home/ronny/projects/playground/ByValueVsByReference/index.php:0
[15-Feb-2017 17:01:26 Europe/Berlin] PHP   2. Benchmark->runByValueTests() /home/ronny/projects/playground/ByValueVsByReference/index.php:14
[15-Feb-2017 17:01:26 Europe/Berlin] PHP   3. Benchmark->createValueByValue() /home/ronny/projects/playground/ByValueVsByReference/Benchmark.php:30
[15-Feb-2017 17:01:27 Europe/Berlin] PHP Fatal error:  Allowed memory size of 268435456 bytes exhausted (tried to allocate 266240 bytes) in /home/ronny/projects/playground/ByValueVsByReference/Benchmark.php on line 60
[15-Feb-2017 17:01:27 Europe/Berlin] PHP Stack trace:
[15-Feb-2017 17:01:27 Europe/Berlin] PHP   1. {main}() /home/ronny/projects/playground/ByValueVsByReference/index.php:0
[15-Feb-2017 17:01:27 Europe/Berlin] PHP   2. Benchmark->runByValueTests() /home/ronny/projects/playground/ByValueVsByReference/index.php:14
[15-Feb-2017 17:01:27 Europe/Berlin] PHP   3. Benchmark->createValueByValue() /home/ronny/projects/playground/ByValueVsByReference/Benchmark.php:30
[15-Feb-2017 17:03:55 Europe/Berlin] PHP Fatal error:  Allowed memory size of 268435456 bytes exhausted (tried to allocate 135168 bytes) in /home/ronny/projects/playground/ByValueVsByReference/Benchmark.php on line 61
[15-Feb-2017 17:03:55 Europe/Berlin] PHP Stack trace:
[15-Feb-2017 17:03:55 Europe/Berlin] PHP   1. {main}() /home/ronny/projects/playground/ByValueVsByReference/index.php:0
[15-Feb-2017 17:03:55 Europe/Berlin] PHP   2. Benchmark->runByValueTests() /home/ronny/projects/playground/ByValueVsByReference/index.php:13
[15-Feb-2017 17:03:55 Europe/Berlin] PHP   3. Benchmark->createValueByValue() /home/ronny/projects/playground/ByValueVsByReference/Benchmark.php:31
